[2014-07-02 20:28:23] alias_create_exceute
alias_create_exceute () 
{ 
    for _path in "$rvm_rubies_path" "$rvm_environments_path" "$rvm_wrappers_path";
    do
        if [[ -L "$_path/$alias_name" ]]; then
            \rm -fv "$_path/$alias_name" || return $?;
        fi;
        \ln -fs "$_path/$rvm_ruby_string" "$_path/$alias_name" || return $?;
    done;
    __rvm_db_ "$rvm_path/config/alias" "$alias_name" "$rvm_ruby_string"
}
current path: /home/junko
GEM_HOME=/home/junko/.rvm/gems/ruby-2.1.2
PATH=/home/junko/.rvm/gems/ruby-2.1.2/bin:/home/junko/.rvm/gems/ruby-2.1.2@global/bin:/home/junko/.rvm/rubies/ruby-2.1.2/bin:/home/junko/.rvm/bin:/home/junko/.rbenv/plugins/ruby-build/bin:/home/junko/.rbenv/bin:/home/junko/.rbenv/shims:/home/junko/.rbenv/bin:/usr/local/sbin:/usr/local/bin:/usr/sbin:/usr/bin:/sbin:/bin:/usr/games:/usr/local/games
GEM_PATH=/home/junko/.rvm/gems/ruby-2.1.2:/home/junko/.rvm/gems/ruby-2.1.2@global
command(1): alias_create_exceute
+ for _path in '"$rvm_rubies_path"' '"$rvm_environments_path"' '"$rvm_wrappers_path"'
+ [[ -L /home/junko/.rvm/rubies/default ]]
+ ln -fs /home/junko/.rvm/rubies/ruby-2.1.2 /home/junko/.rvm/rubies/default
+ for _path in '"$rvm_rubies_path"' '"$rvm_environments_path"' '"$rvm_wrappers_path"'
+ [[ -L /home/junko/.rvm/environments/default ]]
+ ln -fs /home/junko/.rvm/environments/ruby-2.1.2 /home/junko/.rvm/environments/default
+ for _path in '"$rvm_rubies_path"' '"$rvm_environments_path"' '"$rvm_wrappers_path"'
+ [[ -L /home/junko/.rvm/wrappers/default ]]
+ ln -fs /home/junko/.rvm/wrappers/ruby-2.1.2 /home/junko/.rvm/wrappers/default
+ __rvm_db_ /home/junko/.rvm/config/alias default ruby-2.1.2
+ typeset __db __key __value
+ __db=/home/junko/.rvm/config/alias
+ __key=default
+ shift 2
+ __value=ruby-2.1.2
+ case "${__value}" in
+ __rvm_db_add /home/junko/.rvm/config/alias default ruby-2.1.2
+ typeset __dir=/home/junko/.rvm/config
+ [[ -f /home/junko/.rvm/config/alias ]]
+ __rvm_db_remove /home/junko/.rvm/config/alias default
+ [[ -f /home/junko/.rvm/config/alias ]]
+ __rvm_sed -e 's#^default=.*$##' -e '/^$/d' /home/junko/.rvm/config/alias
+ sed -e 's#^default=.*$##' -e '/^$/d' /home/junko/.rvm/config/alias
+ mv -f /home/junko/.rvm/config/alias.new /home/junko/.rvm/config/alias
+ printf '%b=%b\n' default ruby-2.1.2
