GNOME_KEYRING_CONTROL=/run/user/1000/keyring-XVQF0g
GNOME_KEYRING_CONTROL=/run/user/1000/keyring-XVQF0g
GPG_AGENT_INFO=/run/user/1000/keyring-XVQF0g/gpg:0:1
GNOME_KEYRING_CONTROL=/run/user/1000/keyring-XVQF0g
GPG_AGENT_INFO=/run/user/1000/keyring-XVQF0g/gpg:0:1
GNOME_KEYRING_CONTROL=/run/user/1000/keyring-XVQF0g
GPG_AGENT_INFO=/run/user/1000/keyring-XVQF0g/gpg:0:1
SSH_AUTH_SOCK=/run/user/1000/keyring-XVQF0g/ssh
compiz (core) - Info: Loading plugin: core
compiz (core) - Info: Starting plugin: core
compiz (core) - Info: Loading plugin: ccp
compiz (core) - Info: Starting plugin: ccp
compizconfig - Info: Backend     : gsettings
compizconfig - Info: Integration : true
compizconfig - Info: Profile     : unity

** (process:8891): CRITICAL **: bluez.vala:104: GDBus.Error:org.bluez.Error.NoSuchAdapter: No such adapter

(process:8897): indicator-application-service-WARNING **: Unable to get watcher name 'org.kde.StatusNotifierWatcher'

(process:8897): indicator-application-service-WARNING **: Name Lost

(process:8674): GLib-GIO-WARNING **: g_settings_set_value: value for key 'visual-bell-type' in schema 'org.gnome.desktop.wm.preferences' is outside of valid range
compiz (core) - Info: Loading plugin: composite
compiz (core) - Info: Starting plugin: composite
compiz (core) - Info: Loading plugin: opengl
compiz (core) - Info: Unity is not supported by your hardware. Enabling software rendering instead (slow).
compiz (core) - Info: Unity is not supported by your hardware. Enabling software rendering instead (slow).
compiz (core) - Info: Starting plugin: opengl

** (nm-applet:8902): CRITICAL **: nm_secret_agent_register: assertion 'priv->registered == FALSE' failed
compiz (core) - Info: Loading plugin: imgpng
compiz (core) - Info: Starting plugin: imgpng
compiz (core) - Info: Loading plugin: grid
compiz (core) - Info: Starting plugin: grid
compiz (core) - Info: Loading plugin: copytex
compiz (core) - Info: Starting plugin: copytex
compiz (core) - Info: Loading plugin: vpswitch
compiz (core) - Info: Starting plugin: vpswitch
compiz (core) - Info: Loading plugin: unitymtgrabhandles
compiz (core) - Info: Starting plugin: unitymtgrabhandles
compiz (core) - Info: Loading plugin: resize
compiz (core) - Info: Starting plugin: resize
compiz (core) - Info: Loading plugin: place
compiz (core) - Info: Starting plugin: place
compiz (core) - Info: Loading plugin: move
compiz (core) - Info: Starting plugin: move
compiz (core) - Info: Loading plugin: mousepoll
compiz (core) - Info: Starting plugin: mousepoll
compiz (core) - Info: Loading plugin: snap
compiz (core) - Info: Starting plugin: snap
compiz (core) - Info: Loading plugin: compiztoolbox
compiz (core) - Info: Starting plugin: compiztoolbox
compiz (core) - Info: Loading plugin: commands
compiz (core) - Info: Starting plugin: commands
compiz (core) - Info: Loading plugin: regex
compiz (core) - Info: Starting plugin: regex
compiz (core) - Info: Loading plugin: wall
compiz (core) - Info: Starting plugin: wall
compiz (core) - Info: Loading plugin: session
compiz (core) - Info: Starting plugin: session
I/O warning : failed to load external entity "/home/junko/.compiz/session/10f999dd9f77578d38140435690419505900000084960001"
compiz (core) - Info: Loading plugin: animation
compiz (core) - Info: Starting plugin: animation
compiz (core) - Info: Loading plugin: workarounds
compiz (core) - Info: Starting plugin: workarounds
compiz (core) - Info: Loading plugin: fade
compiz (core) - Info: Starting plugin: fade
compiz (core) - Info: Loading plugin: expo
compiz (core) - Info: Starting plugin: expo
compiz (core) - Info: Loading plugin: ezoom
compiz (core) - Info: Starting plugin: ezoom
compiz (core) - Info: Loading plugin: scale
compiz (core) - Info: Starting plugin: scale
compiz (core) - Info: Loading plugin: unityshell
compiz (core) - Info: Starting plugin: unityshell
WARN  2014-07-02 20:08:29 unity.glib.dbus.server GLibDBusServer.cpp:579 Can't register object 'org.gnome.Shell' yet as we don't have a connection, waiting for it...
ERROR 2014-07-02 20:08:29 unity.debug.interface DebugDBusInterface.cpp:196 Unable to load entry point in libxpathselect: libxpathselect.so.1.4: cannot open shared object file: No such file or directory
WARN  2014-07-02 20:08:29 xim.controller XIMController.cpp:103 IBus natively supported.
WARN  2014-07-02 20:08:29 unity.glib.dbus.server GLibDBusServer.cpp:579 Can't register object 'com.canonical.Unity.Launcher' yet as we don't have a connection, waiting for it...
WARN  2014-07-02 20:08:29 unity.glib.dbus.server GLibDBusServer.cpp:579 Can't register object 'com.canonical.Unity.Dash' yet as we don't have a connection, waiting for it...
WARN  2014-07-02 20:08:29 unity.glib.dbus.server GLibDBusServer.cpp:579 Can't register object 'org.gnome.SessionManager.EndSessionDialog' yet as we don't have a connection, waiting for it...
WARN  2014-07-02 20:08:29 unity.glib.dbus.server GLibDBusServer.cpp:579 Can't register object 'com.canonical.Unity.Session' yet as we don't have a connection, waiting for it...
WARN  2014-07-02 20:08:29 unity.glib.dbus.server GLibDBusServer.cpp:579 Can't register object 'org.gnome.ScreenSaver' yet as we don't have a connection, waiting for it...
compiz (core) - Warn: Attempted to restack relative to 0x1e000d7 which is not a child of the root window or a window compiz owns
ERROR 2014-07-02 20:08:30 unity.glib.dbus.server GLibDBusServer.cpp:524 DBus name lost 'org.gnome.Shell'
ERROR 2014-07-02 20:08:30 unity.glib.dbus.server GLibDBusServer.cpp:524 DBus name lost 'com.canonical.Unity'

(nm-applet:8902): nm-applet-WARNING **: Could not find ShellVersion property on org.gnome.Shell after 5 tries
WARN  2014-07-02 20:08:43 unity.iconloader IconLoader.cpp:755 Unable to load icon file:/// at size -1x22: Can't open directory

** (zeitgeist-datahub:9141): WARNING **: zeitgeist-datahub.vala:229: Unable to get name "org.gnome.zeitgeist.datahub" on the bus!

(gnome-terminal:9147): GLib-GIO-CRITICAL **: g_settings_get: the format string may not contain '&' (key 'monospace-font-name' from schema 'org.gnome.desktop.interface'). This call will probably stop working with a future version of glib.
/var/lib/dpkg/lock: 
ERROR 2014-07-02 20:10:16 unity.settings UnitySettings.cpp:366 Invalid monitor index: -1. Returning index 0 monitor instead.
/var/lib/dpkg/lock: 
ERROR 2014-07-02 20:20:45 unity.settings UnitySettings.cpp:366 Invalid monitor index: -1. Returning index 0 monitor instead.
/var/lib/dpkg/lock: 
ERROR 2014-07-02 20:29:34 unity.settings UnitySettings.cpp:366 Invalid monitor index: -1. Returning index 0 monitor instead.
ERROR 2014-07-02 20:31:25 unity.settings UnitySettings.cpp:366 Invalid monitor index: -1. Returning index 0 monitor instead.
ERROR 2014-07-02 20:32:32 unity.settings UnitySettings.cpp:366 Invalid monitor index: -1. Returning index 0 monitor instead.
ERROR 2014-07-02 20:33:45 unity.settings UnitySettings.cpp:366 Invalid monitor index: -1. Returning index 0 monitor instead.
ERROR 2014-07-02 20:38:59 unity.settings UnitySettings.cpp:366 Invalid monitor index: -1. Returning index 0 monitor instead.
ERROR 2014-07-02 20:40:57 unity.settings UnitySettings.cpp:366 Invalid monitor index: -1. Returning index 0 monitor instead.
ERROR 2014-07-02 20:42:21 unity.settings UnitySettings.cpp:366 Invalid monitor index: -1. Returning index 0 monitor instead.

(process:42797): GLib-CRITICAL **: g_slice_set_config: assertion 'sys_page_size == 0' failed
ERROR 2014-07-02 20:50:48 unity.settings UnitySettings.cpp:366 Invalid monitor index: -1. Returning index 0 monitor instead.
ERROR 2014-07-02 20:55:26 unity.settings UnitySettings.cpp:366 Invalid monitor index: -1. Returning index 0 monitor instead.
ERROR 2014-07-02 21:03:45 unity.settings UnitySettings.cpp:366 Invalid monitor index: -1. Returning index 0 monitor instead.
ERROR 2014-07-02 21:09:09 unity.settings UnitySettings.cpp:366 Invalid monitor index: -1. Returning index 0 monitor instead.
ERROR 2014-07-02 21:11:40 unity.settings UnitySettings.cpp:366 Invalid monitor index: -1. Returning index 0 monitor instead.
ERROR 2014-07-02 21:13:51 unity.settings UnitySettings.cpp:366 Invalid monitor index: -1. Returning index 0 monitor instead.
ERROR 2014-07-02 21:14:54 unity.settings UnitySettings.cpp:366 Invalid monitor index: -1. Returning index 0 monitor instead.
ERROR 2014-07-02 21:16:14 unity <unknown>:0 atk_object_ref_state_set: assertion 'ATK_IS_OBJECT (accessible)' failed
ERROR 2014-07-02 21:16:14 unity <unknown>:0 atk_state_set_contains_state: assertion 'ATK_IS_STATE_SET (set)' failed
ERROR 2014-07-02 21:16:14 unityy <unknown>:0 g_object_unref: assertion 'G_IS_OBJECT (object)' failed
ERROR 2014-07-02 21:16:31 unity.settings UnitySettings.cpp:366 Invalid monitor index: -1. Returning index 0 monitor instead.
ERROR 2014-07-02 21:18:06 unity.settings UnitySettings.cpp:366 Invalid monitor index: -1. Returning index 0 monitor instead.
ERROR 2014-07-02 21:22:17 unity.settings UnitySettings.cpp:366 Invalid monitor index: -1. Returning index 0 monitor instead.
ERROR 2014-07-02 21:24:55 unity.settings UnitySettings.cpp:366 Invalid monitor index: -1. Returning index 0 monitor instead.
ERROR 2014-07-02 21:25:30 unity.settings UnitySettings.cpp:366 Invalid monitor index: -1. Returning index 0 monitor instead.
ERROR 2014-07-02 21:30:00 unity.settings UnitySettings.cpp:366 Invalid monitor index: -1. Returning index 0 monitor instead.
ERROR 2014-07-02 21:33:48 unity.settings UnitySettings.cpp:366 Invalid monitor index: -1. Returning index 0 monitor instead.
ERROR 2014-07-02 21:38:42 unity.settings UnitySettings.cpp:366 Invalid monitor index: -1. Returning index 0 monitor instead.
ERROR 2014-07-02 21:39:10 unity.settings UnitySettings.cpp:366 Invalid monitor index: -1. Returning index 0 monitor instead.
<<<<<<< HEAD
ERROR 2014-07-02 21:59:44 unity.settings UnitySettings.cpp:366 Invalid monitor index: -1. Returning index 0 monitor instead.
=======
ERROR 2014-07-02 21:47:48 unity.settings UnitySettings.cpp:366 Invalid monitor index: -1. Returning index 0 monitor instead.
ERROR 2014-07-02 21:51:04 unity.settings UnitySettings.cpp:366 Invalid monitor index: -1. Returning index 0 monitor instead.
ERROR 2014-07-02 21:51:52 unity.settings UnitySettings.cpp:366 Invalid monitor index: -1. Returning index 0 monitor instead.
ERROR 2014-07-02 21:53:26 unity.settings UnitySettings.cpp:366 Invalid monitor index: -1. Returning index 0 monitor instead.
ERROR 2014-07-02 21:54:16 unity.settings UnitySettings.cpp:366 Invalid monitor index: -1. Returning index 0 monitor instead.
ERROR 2014-07-02 21:54:54 unity.settings UnitySettings.cpp:366 Invalid monitor index: -1. Returning index 0 monitor instead.
>>>>>>> modify-README
