[2014-07-02 20:28:20] __rvm_set_executable
__rvm_set_executable () 
{ 
    for __file in "$@";
    do
        [[ -x "${__file}" ]] || chmod +x "${__file}";
    done
}
current path: /home/junko
PATH=/home/junko/.rbenv/plugins/ruby-build/bin:/home/junko/.rbenv/bin:/home/junko/.rbenv/shims:/home/junko/.rbenv/bin:/usr/local/sbin:/usr/local/bin:/usr/sbin:/usr/bin:/sbin:/bin:/usr/games:/usr/local/games:/home/junko/.rvm/bin
command(9): __rvm_set_executable /home/junko/.rvm/rubies/ruby-2.1.2/bin/erb /home/junko/.rvm/rubies/ruby-2.1.2/bin/gem /home/junko/.rvm/rubies/ruby-2.1.2/bin/irb /home/junko/.rvm/rubies/ruby-2.1.2/bin/rake /home/junko/.rvm/rubies/ruby-2.1.2/bin/rdoc /home/junko/.rvm/rubies/ruby-2.1.2/bin/ri /home/junko/.rvm/rubies/ruby-2.1.2/bin/ruby /home/junko/.rvm/rubies/ruby-2.1.2/bin/testrb
+ for __file in '"$@"'
+ [[ -x /home/junko/.rvm/rubies/ruby-2.1.2/bin/erb ]]
+ for __file in '"$@"'
+ [[ -x /home/junko/.rvm/rubies/ruby-2.1.2/bin/gem ]]
+ for __file in '"$@"'
+ [[ -x /home/junko/.rvm/rubies/ruby-2.1.2/bin/irb ]]
+ for __file in '"$@"'
+ [[ -x /home/junko/.rvm/rubies/ruby-2.1.2/bin/rake ]]
+ for __file in '"$@"'
+ [[ -x /home/junko/.rvm/rubies/ruby-2.1.2/bin/rdoc ]]
+ for __file in '"$@"'
+ [[ -x /home/junko/.rvm/rubies/ruby-2.1.2/bin/ri ]]
+ for __file in '"$@"'
+ [[ -x /home/junko/.rvm/rubies/ruby-2.1.2/bin/ruby ]]
+ for __file in '"$@"'
+ [[ -x /home/junko/.rvm/rubies/ruby-2.1.2/bin/testrb ]]
