[2014-07-02 20:27:31] requirements_debian_libs_install
requirements_debian_libs_install () 
{ 
    __rvm_try_sudo apt-get --no-install-recommends --yes install "$@" || return $?
}
current path: /home/junko
PATH=/home/junko/.rbenv/plugins/ruby-build/bin:/home/junko/.rbenv/bin:/home/junko/.rbenv/shims:/home/junko/.rbenv/bin:/usr/local/sbin:/usr/local/bin:/usr/sbin:/usr/bin:/sbin:/bin:/usr/games:/usr/local/games:/home/junko/.rvm/bin
command(2): requirements_debian_libs_install gawk
++ __rvm_try_sudo apt-get --no-install-recommends --yes install gawk
++ typeset -a command_to_run
++ typeset sudo_path sbin_path missing_paths
++ command_to_run=("$@")
++ ((  UID == 0  ))
++ case "$rvm_autolibs_flag_number" in
++ [[ Ubuntu 14.04 == \S\o\l\a\r\i\s\ \1\0 ]]
++ sudo_path=
++ __rvm_which sudo
++ missing_paths=
++ for sbin_path in /sbin /usr/sbin /usr/local/sbin
++ [[ -d /sbin ]]
++ [[ ! :/home/junko/.rbenv/plugins/ruby-build/bin:/home/junko/.rbenv/bin:/home/junko/.rbenv/shims:/home/junko/.rbenv/bin:/usr/local/sbin:/usr/local/bin:/usr/sbin:/usr/bin:/sbin:/bin:/usr/games:/usr/local/games:/home/junko/.rvm/bin: =~ :/sbin: ]]
++ for sbin_path in /sbin /usr/sbin /usr/local/sbin
++ [[ -d /usr/sbin ]]
++ [[ ! :/home/junko/.rbenv/plugins/ruby-build/bin:/home/junko/.rbenv/bin:/home/junko/.rbenv/shims:/home/junko/.rbenv/bin:/usr/local/sbin:/usr/local/bin:/usr/sbin:/usr/bin:/sbin:/bin:/usr/games:/usr/local/games:/home/junko/.rvm/bin: =~ :/usr/sbin: ]]
++ for sbin_path in /sbin /usr/sbin /usr/local/sbin
++ [[ -d /usr/local/sbin ]]
++ [[ ! :/home/junko/.rbenv/plugins/ruby-build/bin:/home/junko/.rbenv/bin:/home/junko/.rbenv/shims:/home/junko/.rbenv/bin:/usr/local/sbin:/usr/local/bin:/usr/sbin:/usr/bin:/sbin:/bin:/usr/games:/usr/local/games:/home/junko/.rvm/bin: =~ :/usr/local/sbin: ]]
++ [[ -n '' ]]
++ command_to_run=(${sudo_path}sudo -p "%p password required for '$*': " "${command_to_run[@]}")
++ sudo -p '%p password required for '\''apt-get --no-install-recommends --yes install gawk'\'': ' apt-get --no-install-recommends --yes install gawk
Reading package lists...
Building dependency tree...
Reading state information...
Suggested packages:
  gawk-doc
The following NEW packages will be installed:
  gawk
0 upgraded, 1 newly installed, 0 to remove and 274 not upgraded.
Need to get 781 kB of archives.
After this operation, 1,937 kB of additional disk space will be used.
Get:1 http://us.archive.ubuntu.com/ubuntu/ trusty/main gawk amd64 1:4.0.1+dfsg-2.1ubuntu2 [781 kB]
Fetched 781 kB in 23s (33.0 kB/s)
Selecting previously unselected package gawk.
(Reading database ... 168148 files and directories currently installed.)
Preparing to unpack .../gawk_1%3a4.0.1+dfsg-2.1ubuntu2_amd64.deb ...
Unpacking gawk (1:4.0.1+dfsg-2.1ubuntu2) ...
Processing triggers for man-db (2.6.7.1-1) ...
Setting up gawk (1:4.0.1+dfsg-2.1ubuntu2) ...
